<?xml version="1.0" encoding="UTF-8"?>
<!-- Generated by org.testng.reporters.JUnitReportReporter -->
<testsuite skipped="0" hostname="mlyadav" name="Jenkins_Demo.Maven_Jenkins.HandlingAllControls" tests="1" failures="0" timestamp="06 May 2019 15:52:31 GMT" time="143.358" errors="0">
  <testcase name="EdurekaProfile" time="143.358" classname="Jenkins_Demo.Maven_Jenkins.HandlingAllControls"/>
</testsuite> <!-- Jenkins_Demo.Maven_Jenkins.HandlingAllControls -->
