<?xml version="1.0" encoding="UTF-8"?>
<!-- Generated by org.testng.reporters.JUnitReportReporter -->
<testsuite skipped="0" hostname="mlyadav" name="com.edureka.testPackage.TestCaseClass" tests="1" failures="0" timestamp="03 May 2019 17:22:14 GMT" time="114.298" errors="0">
  <testcase name="returnTicket" time="114.298" classname="com.edureka.testPackage.TestCaseClass"/>
</testsuite> <!-- com.edureka.testPackage.TestCaseClass -->
